# JRE version: Java(TM) SE Runtime Environment (8.0_131-b11) (build 1.8.0_131-b11)
# Java VM: Java HotSpot(TM) 64-Bit Server VM (25.131-b11 mixed mode windows-amd64 compressed oops)
Heap:
 PSYoungGen      total 400384K, used 17198K [0x00000000e0000000, 0x0000000100000000, 0x0000000100000000)
  eden space 276480K, 0% used [0x00000000e0000000,0x00000000e00ec9d0,0x00000000f0e00000)
  from space 123904K, 13% used [0x00000000f0e00000,0x00000000f1ddf018,0x00000000f8700000)
  to   space 118784K, 0% used [0x00000000f8c00000,0x00000000f8c00000,0x0000000100000000)
 ParOldGen       total 343040K, used 286845K [0x00000000a0000000, 0x00000000b4f00000, 0x00000000e0000000)
  object space 343040K, 83% used [0x00000000a0000000,0x00000000b181f650,0x00000000b4f00000)
 Metaspace       used 222354K, capacity 231564K, committed 233932K, reserved 1255424K
  class space    used 26814K, capacity 28287K, committed 28928K, reserved 1048576K
GC Heap History (10 events):
Event: 15067.203 GC heap before
{Heap before GC invocations=126 (full 8):
 PSYoungGen      total 401920K, used 289472K [0x00000000e0000000, 0x0000000100000000, 0x0000000100000000)
  eden space 279552K, 100% used [0x00000000e0000000,0x00000000f1100000,0x00000000f1100000)
  from space 122368K, 8% used [0x00000000f1100000,0x00000000f1ab0030,0x00000000f8880000)
  to   space 118784K, 0% used [0x00000000f8c00000,0x00000000f8c00000,0x0000000100000000)
 ParOldGen       total 343040K, used 247842K [0x00000000a0000000, 0x00000000b4f00000, 0x00000000e0000000)
  object space 343040K, 72% used [0x00000000a0000000,0x00000000af208ad0,0x00000000b4f00000)
 Metaspace       used 214347K, capacity 223420K, committed 225868K, reserved 1247232K
  class space    used 25910K, capacity 27351K, committed 28032K, reserved 1048576K
Event: 15067.361 GC heap after
Heap after GC invocations=126 (full 8):
 PSYoungGen      total 392192K, used 2800K [0x00000000e0000000, 0x00000000ff680000, 0x0000000100000000)
  eden space 283136K, 0% used [0x00000000e0000000,0x00000000e0000000,0x00000000f1480000)
  from space 109056K, 2% used [0x00000000f8c00000,0x00000000f8ebc0c0,0x00000000ff680000)
  to   space 115712K, 0% used [0x00000000f1480000,0x00000000f1480000,0x00000000f8580000)
 ParOldGen       total 343040K, used 256152K [0x00000000a0000000, 0x00000000b4f00000, 0x00000000e0000000)
  object space 343040K, 74% used [0x00000000a0000000,0x00000000afa26190,0x00000000b4f00000)
 Metaspace       used 214347K, capacity 223420K, committed 225868K, reserved 1247232K
  class space    used 25910K, capacity 27351K, committed 28032K, reserved 1048576K
}
Event: 15069.289 GC heap before
{Heap before GC invocations=127 (full 8):
 PSYoungGen      total 392192K, used 284351K [0x00000000e0000000, 0x00000000ff680000, 0x0000000100000000)
  eden space 283136K, 99% used [0x00000000e0000000,0x00000000f12f3e10,0x00000000f1480000)
  from space 109056K, 2% used [0x00000000f8c00000,0x00000000f8ebc0c0,0x00000000ff680000)
  to   space 115712K, 0% used [0x00000000f1480000,0x00000000f1480000,0x00000000f8580000)
 ParOldGen       total 343040K, used 256152K [0x00000000a0000000, 0x00000000b4f00000, 0x00000000e0000000)
  object space 343040K, 74% used [0x00000000a0000000,0x00000000afa26190,0x00000000b4f00000)
 Metaspace       used 214357K, capacity 223426K, committed 225868K, reserved 1247232K
  class space    used 25911K, capacity 27352K, committed 28032K, reserved 1048576K
Event: 15069.416 GC heap after
Heap after GC invocations=127 (full 8):
 PSYoungGen      total 398848K, used 74274K [0x00000000e0000000, 0x0000000100000000, 0x0000000100000000)
  eden space 283136K, 0% used [0x00000000e0000000,0x00000000e0000000,0x00000000f1480000)
  from space 115712K, 64% used [0x00000000f1480000,0x00000000f5d08988,0x00000000f8580000)
  to   space 123392K, 0% used [0x00000000f8780000,0x00000000f8780000,0x0000000100000000)
 ParOldGen       total 343040K, used 258398K [0x00000000a0000000, 0x00000000b4f00000, 0x00000000e0000000)
  object space 343040K, 75% used [0x00000000a0000000,0x00000000afc57b88,0x00000000b4f00000)
 Metaspace       used 214357K, capacity 223426K, committed 225868K, reserved 1247232K
  class space    used 25911K, capacity 27352K, committed 28032K, reserved 1048576K
}
Event: 15089.911 GC heap before
{Heap before GC invocations=128 (full 8):
 PSYoungGen      total 398848K, used 357410K [0x00000000e0000000, 0x0000000100000000, 0x0000000100000000)
  eden space 283136K, 100% used [0x00000000e0000000,0x00000000f1480000,0x00000000f1480000)
  from space 115712K, 64% used [0x00000000f1480000,0x00000000f5d08988,0x00000000f8580000)
  to   space 123392K, 0% used [0x00000000f8780000,0x00000000f8780000,0x0000000100000000)
 ParOldGen       total 343040K, used 258398K [0x00000000a0000000, 0x00000000b4f00000, 0x00000000e0000000)
  object space 343040K, 75% used [0x00000000a0000000,0x00000000afc57b88,0x00000000b4f00000)
 Metaspace       used 214507K, capacity 223640K, committed 225868K, reserved 1247232K
  class space    used 25925K, capacity 27377K, committed 28032K, reserved 1048576K
Event: 15089.958 GC heap after
Heap after GC invocations=128 (full 8):
 PSYoungGen      total 402432K, used 21299K [0x00000000e0000000, 0x00000000ffb80000, 0x0000000100000000)
  eden space 283648K, 0% used [0x00000000e0000000,0x00000000e0000000,0x00000000f1500000)
  from space 118784K, 17% used [0x00000000f8780000,0x00000000f9c4ce18,0x00000000ffb80000)
  to   space 117248K, 0% used [0x00000000f1500000,0x00000000f1500000,0x00000000f8780000)
 ParOldGen       total 343040K, used 258734K [0x00000000a0000000, 0x00000000b4f00000, 0x00000000e0000000)
  object space 343040K, 75% used [0x00000000a0000000,0x00000000afcab8a0,0x00000000b4f00000)
 Metaspace       used 214507K, capacity 223640K, committed 225868K, reserved 1247232K
  class space    used 25925K, capacity 27377K, committed 28032K, reserved 1048576K
}
Event: 15098.222 GC heap before
{Heap before GC invocations=129 (full 8):
 PSYoungGen      total 402432K, used 304947K [0x00000000e0000000, 0x00000000ffb80000, 0x0000000100000000)
  eden space 283648K, 100% used [0x00000000e0000000,0x00000000f1500000,0x00000000f1500000)
  from space 118784K, 17% used [0x00000000f8780000,0x00000000f9c4ce18,0x00000000ffb80000)
  to   space 117248K, 0% used [0x00000000f1500000,0x00000000f1500000,0x00000000f8780000)
 ParOldGen       total 343040K, used 258734K [0x00000000a0000000, 0x00000000b4f00000, 0x00000000e0000000)
  object space 343040K, 75% used [0x00000000a0000000,0x00000000afcab8a0,0x00000000b4f00000)
 Metaspace       used 214590K, capacity 223716K, committed 226124K, reserved 1247232K
  class space    used 25926K, capacity 27379K, committed 28032K, reserved 1048576K
Event: 15098.323 GC heap after
Heap after GC invocations=129 (full 8):
 PSYoungGen      total 400896K, used 5760K [0x00000000e0000000, 0x00000000ff780000, 0x0000000100000000)
  eden space 283648K, 0% used [0x00000000e0000000,0x00000000e0000000,0x00000000f1500000)
  from space 117248K, 4% used [0x00000000f1500000,0x00000000f1aa00a0,0x00000000f8780000)
  to   space 113664K, 0% used [0x00000000f8880000,0x00000000f8880000,0x00000000ff780000)
 ParOldGen       total 343040K, used 266768K [0x00000000a0000000, 0x00000000b4f00000, 0x00000000e0000000)
  object space 343040K, 77% used [0x00000000a0000000,0x00000000b04840c0,0x00000000b4f00000)
 Metaspace       used 214590K, capacity 223716K, committed 226124K, reserved 1247232K
  class space    used 25926K, capacity 27379K, committed 28032K, reserved 1048576K
}
Event: 15100.500 GC heap before
{Heap before GC invocations=130 (full 8):
 PSYoungGen      total 400896K, used 289408K [0x00000000e0000000, 0x00000000ff780000, 0x0000000100000000)
  eden space 283648K, 100% used [0x00000000e0000000,0x00000000f1500000,0x00000000f1500000)
  from space 117248K, 4% used [0x00000000f1500000,0x00000000f1aa00a0,0x00000000f8780000)
  to   space 113664K, 0% used [0x00000000f8880000,0x00000000f8880000,0x00000000ff780000)
 ParOldGen       total 343040K, used 266768K [0x00000000a0000000, 0x00000000b4f00000, 0x00000000e0000000)
  object space 343040K, 77% used [0x00000000a0000000,0x00000000b04840c0,0x00000000b4f00000)
 Metaspace       used 214764K, capacity 223910K, committed 226124K, reserved 1247232K
  class space    used 25943K, capacity 27422K, committed 28032K, reserved 1048576K
Event: 15100.613 GC heap after
Heap after GC invocations=130 (full 8):
 PSYoungGen      total 390144K, used 81189K [0x00000000e0000000, 0x0000000100000000, 0x0000000100000000)
  eden space 276480K, 0% used [0x00000000e0000000,0x00000000e0000000,0x00000000f0e00000)
  from space 113664K, 71% used [0x00000000f8880000,0x00000000fd7c95b8,0x00000000ff780000)
  to   space 123904K, 0% used [0x00000000f0e00000,0x00000000f0e00000,0x00000000f8700000)
 ParOldGen       total 343040K, used 268731K [0x00000000a0000000, 0x00000000b4f00000, 0x00000000e0000000)
  object space 343040K, 78% used [0x00000000a0000000,0x00000000b066ec20,0x00000000b4f00000)
 Metaspace       used 214764K, capacity 223910K, committed 226124K, reserved 1247232K
  class space    used 25943K, capacity 27422K, committed 28032K, reserved 1048576K
}

